<?xml version="1.0" encoding="UTF-8"?>
<!-- Generated by org.testng.reporters.JUnitXMLReporter -->
<testsuite ignored="0" hostname="LAPTOP-PLNO5R2G" failures="0" tests="14" name="Default test" time="200.936" errors="0" timestamp="2024-10-24T16:50:58 PDT">
  <testcase classname="com.rediff.S2.testcases.S2_LoginPage_Test" name="loginWithValidCredentialsUsingDataProvider" time="13.803"/>
  <testcase classname="com.rediff.S2.testcases.S2_LoginPage_Test" name="loginWithValidCredentialsUsingDataProvider" time="12.655"/>
  <testcase classname="com.rediff.S2.testcases.S2_LoginPage_Test" name="loginWithValidCredentialsUsingDataProvider" time="10.379"/>
  <testcase classname="com.rediff.S2.testcases.S2_LoginPage_Test" name="loginWithValidCredentialsUsingDataProvider" time="12.777"/>
  <testcase classname="com.rediff.S2.testcases.S2_LoginPage_Test" name="loginWithValidCredentialsUsingDataProvider" time="16.126"/>
  <testcase classname="com.rediff.S2.testcases.S2_LoginPage_Test" name="loginWithValidCredentialsUsingDataProviderExcelSheet" time="13.369"/>
  <testcase classname="com.rediff.S2.testcases.S2_LoginPage_Test" name="loginWithValidCredentialsUsingDataProviderExcelSheet" time="10.612"/>
  <testcase classname="com.rediff.S2.testcases.S2_LoginPage_Test" name="loginWithValidCredentialsUsingDataProviderExcelSheet" time="12.267"/>
  <testcase classname="com.rediff.S2.testcases.S2_LoginPage_Test" name="loginWithValidCredentialsUsingDataProviderExcelSheet" time="11.648"/>
  <testcase classname="com.rediff.S2.testcases.S2_LoginPage_Test" name="loginWithValidCredentialsUsingDataProviderExcelSheet" time="15.194"/>
  <testcase classname="com.rediff.S2.testcases.S2_LoginPage_Test" name="loginWithInvalidCredentials" time="1.232"/>
  <testcase classname="com.rediff.S2.testcases.S2_LoginPage_Test" name="loginWithValidUsernameInvalidPassword" time="9.067"/>
  <testcase classname="com.rediff.S2.testcases.S2_LoginPage_Test" name="loginWithInvalidUsernameValidPassword" time="1.08"/>
  <testcase classname="com.rediff.S2.testcases.S2_LoginPage_Test" name="loginWithNoCredentials" time="0.179"/>
</testsuite> <!-- Default test -->
