<?xml version="1.0" encoding="UTF-8"?>
<!-- Generated by org.testng.reporters.JUnitXMLReporter -->
<testsuite ignored="0" hostname="LAPTOP-PLNO5R2G" failures="0" tests="23" name="Rediff S2 Tests" time="313.948" errors="0" timestamp="2024-10-25T06:59:31 PDT">
  <testcase classname="com.rediff.S2.testcases.S2_LandingPage_Test" name="validatePageTitleAndCurrentUrl" time="0.588"/>
  <testcase classname="com.rediff.S2.testcases.S2_LandingPage_Test" name="signinButtonIsVisible" time="0.662"/>
  <testcase classname="com.rediff.S2.testcases.S2_LandingPage_Test" name="redifflogoIsDisplayed" time="0.248"/>
  <testcase classname="com.rediff.S2.testcases.S2_Signin_Link_Test" name="signInLinkIsDisplayed" time="0.082"/>
  <testcase classname="com.rediff.S2.testcases.S2_InboxPage_Test" name="presenceOfInboxButton" time="13.683"/>
  <testcase classname="com.rediff.S2.testcases.S2_InboxPage_Test" name="presenceOfUserName" time="11.107"/>
  <testcase classname="com.rediff.S2.testcases.S2_Logout_Test" name="logOut" time="15.346"/>
  <testcase classname="com.rediff.S2.testcases.S2_Rediff_Home_Test" name="rediffHome" time="13.61"/>
  <testcase classname="com.rediff.S2.testcases.S2_Links_Test" name="linkTests" time="15.036"/>
  <testcase classname="com.rediff.S2.testcases.S2_LoginPage_Test" name="loginWithValidCredentialsUsingDataProvider" time="11.615"/>
  <testcase classname="com.rediff.S2.testcases.S2_LoginPage_Test" name="loginWithValidCredentialsUsingDataProvider" time="11.085"/>
  <testcase classname="com.rediff.S2.testcases.S2_LoginPage_Test" name="loginWithValidCredentialsUsingDataProvider" time="10.035"/>
  <testcase classname="com.rediff.S2.testcases.S2_LoginPage_Test" name="loginWithValidCredentialsUsingDataProvider" time="20.873"/>
  <testcase classname="com.rediff.S2.testcases.S2_LoginPage_Test" name="loginWithValidCredentialsUsingDataProvider" time="13.994"/>
  <testcase classname="com.rediff.S2.testcases.S2_LoginPage_Test" name="loginWithValidCredentialsUsingDataProviderExcelSheet" time="12.63"/>
  <testcase classname="com.rediff.S2.testcases.S2_LoginPage_Test" name="loginWithValidCredentialsUsingDataProviderExcelSheet" time="10.594"/>
  <testcase classname="com.rediff.S2.testcases.S2_LoginPage_Test" name="loginWithValidCredentialsUsingDataProviderExcelSheet" time="11.743"/>
  <testcase classname="com.rediff.S2.testcases.S2_LoginPage_Test" name="loginWithValidCredentialsUsingDataProviderExcelSheet" time="12.314"/>
  <testcase classname="com.rediff.S2.testcases.S2_LoginPage_Test" name="loginWithValidCredentialsUsingDataProviderExcelSheet" time="13.167"/>
  <testcase classname="com.rediff.S2.testcases.S2_LoginPage_Test" name="loginWithInvalidCredentials" time="1.301"/>
  <testcase classname="com.rediff.S2.testcases.S2_LoginPage_Test" name="loginWithValidUsernameInvalidPassword" time="7.659"/>
  <testcase classname="com.rediff.S2.testcases.S2_LoginPage_Test" name="loginWithInvalidUsernameValidPassword" time="1.453"/>
  <testcase classname="com.rediff.S2.testcases.S2_LoginPage_Test" name="loginWithNoCredentials" time="0.256"/>
</testsuite> <!-- Rediff S2 Tests -->
