<?xml version="1.0" encoding="UTF-8"?>
<testsuite xmlns:xsi="http://www.w3.org/2001/XMLSchema-instance" xsi:noNamespaceSchemaLocation="https://maven.apache.org/surefire/maven-surefire-plugin/xsd/surefire-test-report.xsd" version="3.0.2" name="TestSuite" time="297.25" tests="23" errors="0" skipped="0" failures="1">
  <properties>
[...]
</properties>
  <testcase name="validatePageTitleAndCurrentUrl" classname="com.rediff.S2.testcases.S2_LandingPage_Test" time="0.417">
    <system-out><![CDATA[Rediff.com: News | Rediffmail | Stock Quotes | Rediff Gurus
https://www.rediff.com/
The Landing Page is Valid
]]></system-out>
    <system-err><![CDATA[SLF4J: Failed to load class "org.slf4j.impl.StaticLoggerBinder".
SLF4J: Defaulting to no-operation (NOP) logger implementation
SLF4J: See http://www.slf4j.org/codes.html#StaticLoggerBinder for further details.
Oct 24, 2024 7:24:48 AM org.openqa.selenium.devtools.CdpVersionFinder findNearestMatch
WARNING: Unable to find an exact match for CDP version 130, returning the closest version; found: 128; Please update to a Selenium version that supports CDP version 130
Oct 24, 2024 7:24:51 AM org.openqa.selenium.devtools.CdpVersionFinder findNearestMatch
WARNING: Unable to find an exact match for CDP version 130, returning the closest version; found: 128; Please update to a Selenium version that supports CDP version 130
]]></system-err>
  </testcase>
  <testcase name="signinButtonIsVisible" classname="com.rediff.S2.testcases.S2_LandingPage_Test" time="0.07">
    <system-err><![CDATA[Oct 24, 2024 7:24:54 AM org.openqa.selenium.devtools.CdpVersionFinder findNearestMatch
WARNING: Unable to find an exact match for CDP version 130, returning the closest version; found: 128; Please update to a Selenium version that supports CDP version 130
]]></system-err>
  </testcase>
  <testcase name="redifflogoIsDisplayed" classname="com.rediff.S2.testcases.S2_LandingPage_Test" time="0.377">
    <system-out><![CDATA[Rediff Landing Page Tests are Functional
]]></system-out>
    <system-err><![CDATA[Oct 24, 2024 7:24:57 AM org.openqa.selenium.devtools.CdpVersionFinder findNearestMatch
WARNING: Unable to find an exact match for CDP version 130, returning the closest version; found: 128; Please update to a Selenium version that supports CDP version 130
]]></system-err>
  </testcase>
  <testcase name="signInLinkIsDisplayed" classname="com.rediff.S2.testcases.S2_Signin_Link_Test" time="0.044">
    <system-out><![CDATA[Sign In Link is Displayed
]]></system-out>
  </testcase>
  <testcase name="presenceOfInboxButton" classname="com.rediff.S2.testcases.S2_InboxPage_Test" time="12.148">
    <system-err><![CDATA[Oct 24, 2024 7:25:00 AM org.openqa.selenium.devtools.CdpVersionFinder findNearestMatch
WARNING: Unable to find an exact match for CDP version 130, returning the closest version; found: 128; Please update to a Selenium version that supports CDP version 130
]]></system-err>
  </testcase>
  <testcase name="presenceOfUserName" classname="com.rediff.S2.testcases.S2_InboxPage_Test" time="12.034">
    <system-out><![CDATA[Rediff Inbox page is functional
]]></system-out>
    <system-err><![CDATA[Oct 24, 2024 7:25:17 AM org.openqa.selenium.devtools.CdpVersionFinder findNearestMatch
WARNING: Unable to find an exact match for CDP version 130, returning the closest version; found: 128; Please update to a Selenium version that supports CDP version 130
]]></system-err>
  </testcase>
  <testcase name="logOut" classname="com.rediff.S2.testcases.S2_Logout_Test" time="14.747">
    <system-out><![CDATA[Logout is functional
]]></system-out>
    <system-err><![CDATA[Oct 24, 2024 7:25:34 AM org.openqa.selenium.devtools.CdpVersionFinder findNearestMatch
WARNING: Unable to find an exact match for CDP version 130, returning the closest version; found: 128; Please update to a Selenium version that supports CDP version 130
]]></system-err>
  </testcase>
  <testcase name="rediffHome" classname="com.rediff.S2.testcases.S2_Rediff_Home_Test" time="13.3">
    <system-out><![CDATA[Rediff home is functional
]]></system-out>
    <system-err><![CDATA[Oct 24, 2024 7:25:54 AM org.openqa.selenium.devtools.CdpVersionFinder findNearestMatch
WARNING: Unable to find an exact match for CDP version 130, returning the closest version; found: 128; Please update to a Selenium version that supports CDP version 130
]]></system-err>
  </testcase>
  <testcase name="linkTests" classname="com.rediff.S2.testcases.S2_Links_Test" time="9.742">
    <system-err><![CDATA[Oct 24, 2024 7:26:13 AM org.openqa.selenium.devtools.CdpVersionFinder findNearestMatch
WARNING: Unable to find an exact match for CDP version 130, returning the closest version; found: 128; Please update to a Selenium version that supports CDP version 130
]]></system-err>
  </testcase>
  <testcase name="loginWithValidCredentialsUsingDataProvider[chowdhurygs@rediffmail.com, Shajlee1@](1)" classname="com.rediff.S2.testcases.S2_LoginPage_Test" time="13.607">
    <system-out><![CDATA[Login with valid credentials in functional
]]></system-out>
    <system-err><![CDATA[Oct 24, 2024 7:26:25 AM org.openqa.selenium.devtools.CdpVersionFinder findNearestMatch
WARNING: Unable to find an exact match for CDP version 130, returning the closest version; found: 128; Please update to a Selenium version that supports CDP version 130
]]></system-err>
  </testcase>
  <testcase name="loginWithValidCredentialsUsingDataProvider[seleniumpanda@rediffmail.com, Selenium@123](2)" classname="com.rediff.S2.testcases.S2_LoginPage_Test" time="9.874">
    <system-out><![CDATA[Login with valid credentials in functional
]]></system-out>
    <system-err><![CDATA[Oct 24, 2024 7:26:43 AM org.openqa.selenium.devtools.CdpVersionFinder findNearestMatch
WARNING: Unable to find an exact match for CDP version 130, returning the closest version; found: 128; Please update to a Selenium version that supports CDP version 130
]]></system-err>
  </testcase>
  <testcase name="loginWithValidCredentialsUsingDataProvider[seleniumpanda1@rediffmail.com, Donkey@123](3)" classname="com.rediff.S2.testcases.S2_LoginPage_Test" time="11.902">
    <system-out><![CDATA[Login with valid credentials in functional
]]></system-out>
    <system-err><![CDATA[Oct 24, 2024 7:26:57 AM org.openqa.selenium.devtools.CdpVersionFinder findNearestMatch
WARNING: Unable to find an exact match for CDP version 130, returning the closest version; found: 128; Please update to a Selenium version that supports CDP version 130
]]></system-err>
  </testcase>
  <testcase name="loginWithValidCredentialsUsingDataProvider[sarthakkumarpanda@rediffmail.com, Selenium@123](4)" classname="com.rediff.S2.testcases.S2_LoginPage_Test" time="11.235">
    <system-out><![CDATA[Login with valid credentials in functional
]]></system-out>
    <system-err><![CDATA[Oct 24, 2024 7:27:13 AM org.openqa.selenium.devtools.CdpVersionFinder findNearestMatch
WARNING: Unable to find an exact match for CDP version 130, returning the closest version; found: 128; Please update to a Selenium version that supports CDP version 130
]]></system-err>
  </testcase>
  <testcase name="loginWithValidCredentialsUsingDataProvider[Mohamedboudguig@rediffmail.com, Medbdg0707@](5)" classname="com.rediff.S2.testcases.S2_LoginPage_Test" time="15.557">
    <system-out><![CDATA[Login with valid credentials in functional
]]></system-out>
    <system-err><![CDATA[Oct 24, 2024 7:27:28 AM org.openqa.selenium.devtools.CdpVersionFinder findNearestMatch
WARNING: Unable to find an exact match for CDP version 130, returning the closest version; found: 128; Please update to a Selenium version that supports CDP version 130
]]></system-err>
  </testcase>
  <testcase name="loginWithValidCredentialsUsingDataProviderExcelSheet[chowdhurygs@rediffmail.com, Shajlee1@](1)" classname="com.rediff.S2.testcases.S2_LoginPage_Test" time="13.995">
    <system-out><![CDATA[Login with valid credentials in functional
]]></system-out>
    <system-err><![CDATA[ERROR StatusLogger Log4j2 could not find a logging implementation. Please add log4j-core to the classpath. Using SimpleLogger to log to the console...
Oct 24, 2024 7:27:49 AM org.openqa.selenium.devtools.CdpVersionFinder findNearestMatch
WARNING: Unable to find an exact match for CDP version 130, returning the closest version; found: 128; Please update to a Selenium version that supports CDP version 130
]]></system-err>
  </testcase>
  <testcase name="loginWithValidCredentialsUsingDataProviderExcelSheet[seleniumpanda@rediffmail.com, Selenium@123](2)" classname="com.rediff.S2.testcases.S2_LoginPage_Test" time="11.937">
    <system-out><![CDATA[Login with valid credentials in functional
]]></system-out>
    <system-err><![CDATA[Oct 24, 2024 7:28:07 AM org.openqa.selenium.devtools.CdpVersionFinder findNearestMatch
WARNING: Unable to find an exact match for CDP version 130, returning the closest version; found: 128; Please update to a Selenium version that supports CDP version 130
]]></system-err>
  </testcase>
  <testcase name="loginWithValidCredentialsUsingDataProviderExcelSheet[seleniumpanda1@rediffmail.com, Donkey@123](3)" classname="com.rediff.S2.testcases.S2_LoginPage_Test" time="11.396">
    <failure message="no such element: Unable to locate element: {&quot;method&quot;:&quot;xpath&quot;,&quot;selector&quot;:&quot;//cite[@class=&apos;rd_usr_log&apos;]/child::a&quot;}&#10;  (Session info: chrome=130.0.6723.69)&#10;For documentation on this error, please visit: https://www.selenium.dev/documentation/webdriver/troubleshooting/errors#no-such-element-exception&#10;Build info: version: &apos;4.24.0&apos;, revision: &apos;748ffc9bc3&apos;&#10;System info: os.name: &apos;Windows 11&apos;, os.arch: &apos;amd64&apos;, os.version: &apos;10.0&apos;, java.version: &apos;17.0.7&apos;&#10;Driver info: org.openqa.selenium.chrome.ChromeDriver&#10;Command: [083cd936e51f1a0071346a78e168ca26, findElement {value=//cite[@class=&apos;rd_usr_log&apos;]/child::a, using=xpath}]&#10;Capabilities {acceptInsecureCerts: false, browserName: chrome, browserVersion: 130.0.6723.69, chrome: {chromedriverVersion: 130.0.6723.69 (3ec172b971b9..., userDataDir: C:\Users\chowd\AppData\Loca...}, fedcm:accounts: true, goog:chromeOptions: {debuggerAddress: localhost:57968}, networkConnectionEnabled: false, pageLoadStrategy: eager, platformName: windows, proxy: Proxy(), se:cdp: ws://localhost:57968/devtoo..., se:cdpVersion: 130.0.6723.69, setWindowRect: true, strictFileInteractability: false, timeouts: {implicit: 0, pageLoad: 300000, script: 30000}, unhandledPromptBehavior: dismiss and notify, webauthn:extension:credBlob: true, webauthn:extension:largeBlob: true, webauthn:extension:minPinLength: true, webauthn:extension:prf: true, webauthn:virtualAuthenticators: true}&#10;Session ID: 083cd936e51f1a0071346a78e168ca26" type="org.openqa.selenium.NoSuchElementException"><![CDATA[org.openqa.selenium.NoSuchElementException: 
no such element: Unable to locate element: {"method":"xpath","selector":"//cite[@class='rd_usr_log']/child::a"}
  (Session info: chrome=130.0.6723.69)
For documentation on this error, please visit: https://www.selenium.dev/documentation/webdriver/troubleshooting/errors#no-such-element-exception
Build info: version: '4.24.0', revision: '748ffc9bc3'
System info: os.name: 'Windows 11', os.arch: 'amd64', os.version: '10.0', java.version: '17.0.7'
Driver info: org.openqa.selenium.chrome.ChromeDriver
Command: [083cd936e51f1a0071346a78e168ca26, findElement {value=//cite[@class='rd_usr_log']/child::a, using=xpath}]
Capabilities {acceptInsecureCerts: false, browserName: chrome, browserVersion: 130.0.6723.69, chrome: {chromedriverVersion: 130.0.6723.69 (3ec172b971b9..., userDataDir: C:\Users\chowd\AppData\Loca...}, fedcm:accounts: true, goog:chromeOptions: {debuggerAddress: localhost:57968}, networkConnectionEnabled: false, pageLoadStrategy: eager, platformName: windows, proxy: Proxy(), se:cdp: ws://localhost:57968/devtoo..., se:cdpVersion: 130.0.6723.69, setWindowRect: true, strictFileInteractability: false, timeouts: {implicit: 0, pageLoad: 300000, script: 30000}, unhandledPromptBehavior: dismiss and notify, webauthn:extension:credBlob: true, webauthn:extension:largeBlob: true, webauthn:extension:minPinLength: true, webauthn:extension:prf: true, webauthn:virtualAuthenticators: true}
Session ID: 083cd936e51f1a0071346a78e168ca26
	at java.base/jdk.internal.reflect.NativeConstructorAccessorImpl.newInstance0(Native Method)
	at java.base/jdk.internal.reflect.NativeConstructorAccessorImpl.newInstance(NativeConstructorAccessorImpl.java:77)
	at java.base/jdk.internal.reflect.DelegatingConstructorAccessorImpl.newInstance(DelegatingConstructorAccessorImpl.java:45)
	at java.base/java.lang.reflect.Constructor.newInstanceWithCaller(Constructor.java:499)
	at java.base/java.lang.reflect.Constructor.newInstance(Constructor.java:480)
	at org.openqa.selenium.remote.ErrorCodec.decode(ErrorCodec.java:167)
	at org.openqa.selenium.remote.codec.w3c.W3CHttpResponseCodec.decode(W3CHttpResponseCodec.java:138)
	at org.openqa.selenium.remote.codec.w3c.W3CHttpResponseCodec.decode(W3CHttpResponseCodec.java:50)
	at org.openqa.selenium.remote.HttpCommandExecutor.execute(HttpCommandExecutor.java:190)
	at org.openqa.selenium.remote.service.DriverCommandExecutor.invokeExecute(DriverCommandExecutor.java:216)
	at org.openqa.selenium.remote.service.DriverCommandExecutor.execute(DriverCommandExecutor.java:174)
	at org.openqa.selenium.remote.RemoteWebDriver.execute(RemoteWebDriver.java:545)
	at org.openqa.selenium.remote.ElementLocation$ElementFinder$2.findElement(ElementLocation.java:165)
	at org.openqa.selenium.remote.ElementLocation.findElement(ElementLocation.java:59)
	at org.openqa.selenium.remote.RemoteWebDriver.findElement(RemoteWebDriver.java:368)
	at org.openqa.selenium.remote.RemoteWebDriver.findElement(RemoteWebDriver.java:362)
	at com.rediff.S2.testcases.S2_LoginPage_Test.loginWithValidCredentialsUsingDataProviderExcelSheet(S2_LoginPage_Test.java:49)
	at java.base/jdk.internal.reflect.NativeMethodAccessorImpl.invoke0(Native Method)
	at java.base/jdk.internal.reflect.NativeMethodAccessorImpl.invoke(NativeMethodAccessorImpl.java:77)
	at java.base/jdk.internal.reflect.DelegatingMethodAccessorImpl.invoke(DelegatingMethodAccessorImpl.java:43)
	at java.base/java.lang.reflect.Method.invoke(Method.java:568)
	at org.testng.internal.invokers.MethodInvocationHelper.invokeMethod(MethodInvocationHelper.java:139)
	at org.testng.internal.invokers.TestInvoker.invokeMethod(TestInvoker.java:664)
	at org.testng.internal.invokers.TestInvoker.invokeTestMethod(TestInvoker.java:228)
	at org.testng.internal.invokers.MethodRunner.runInSequence(MethodRunner.java:63)
	at org.testng.internal.invokers.TestInvoker$MethodInvocationAgent.invoke(TestInvoker.java:961)
	at org.testng.internal.invokers.TestInvoker.invokeTestMethods(TestInvoker.java:201)
	at org.testng.internal.invokers.TestMethodWorker.invokeTestMethods(TestMethodWorker.java:148)
	at org.testng.internal.invokers.TestMethodWorker.run(TestMethodWorker.java:128)
	at java.base/java.util.ArrayList.forEach(ArrayList.java:1511)
	at org.testng.TestRunner.privateRun(TestRunner.java:819)
	at org.testng.TestRunner.run(TestRunner.java:619)
	at org.testng.SuiteRunner.runTest(SuiteRunner.java:443)
	at org.testng.SuiteRunner.runSequentially(SuiteRunner.java:437)
	at org.testng.SuiteRunner.privateRun(SuiteRunner.java:397)
	at org.testng.SuiteRunner.run(SuiteRunner.java:336)
	at org.testng.SuiteRunnerWorker.runSuite(SuiteRunnerWorker.java:52)
	at org.testng.SuiteRunnerWorker.run(SuiteRunnerWorker.java:95)
	at org.testng.TestNG.runSuitesSequentially(TestNG.java:1301)
	at org.testng.TestNG.runSuitesLocally(TestNG.java:1228)
	at org.testng.TestNG.runSuites(TestNG.java:1134)
	at org.testng.TestNG.run(TestNG.java:1101)
	at org.apache.maven.surefire.testng.TestNGExecutor.run(TestNGExecutor.java:308)
	at org.apache.maven.surefire.testng.TestNGXmlTestSuite.execute(TestNGXmlTestSuite.java:71)
	at org.apache.maven.surefire.testng.TestNGProvider.invoke(TestNGProvider.java:113)
	at org.apache.maven.surefire.booter.ForkedBooter.runSuitesInProcess(ForkedBooter.java:385)
	at org.apache.maven.surefire.booter.ForkedBooter.execute(ForkedBooter.java:162)
	at org.apache.maven.surefire.booter.ForkedBooter.run(ForkedBooter.java:507)
	at org.apache.maven.surefire.booter.ForkedBooter.main(ForkedBooter.java:495)
]]></failure>
    <system-err><![CDATA[Oct 24, 2024 7:28:23 AM org.openqa.selenium.devtools.CdpVersionFinder findNearestMatch
WARNING: Unable to find an exact match for CDP version 130, returning the closest version; found: 128; Please update to a Selenium version that supports CDP version 130
]]></system-err>
  </testcase>
  <testcase name="loginWithValidCredentialsUsingDataProviderExcelSheet[sarthakkumarpanda@rediffmail.com, Selenium@123](4)" classname="com.rediff.S2.testcases.S2_LoginPage_Test" time="12.112">
    <system-out><![CDATA[Login with valid credentials in functional
]]></system-out>
    <system-err><![CDATA[Oct 24, 2024 7:28:39 AM org.openqa.selenium.devtools.CdpVersionFinder findNearestMatch
WARNING: Unable to find an exact match for CDP version 130, returning the closest version; found: 128; Please update to a Selenium version that supports CDP version 130
]]></system-err>
  </testcase>
  <testcase name="loginWithValidCredentialsUsingDataProviderExcelSheet[Mohamedboudguig@rediffmail.com, Medbdg0707@](5)" classname="com.rediff.S2.testcases.S2_LoginPage_Test" time="12.022">
    <system-out><![CDATA[Login with valid credentials in functional
]]></system-out>
    <system-err><![CDATA[Oct 24, 2024 7:28:56 AM org.openqa.selenium.devtools.CdpVersionFinder findNearestMatch
WARNING: Unable to find an exact match for CDP version 130, returning the closest version; found: 128; Please update to a Selenium version that supports CDP version 130
]]></system-err>
  </testcase>
  <testcase name="loginWithInvalidCredentials" classname="com.rediff.S2.testcases.S2_LoginPage_Test" time="1.622">
    <system-out><![CDATA[Login with invalid credentials in functional
]]></system-out>
    <system-err><![CDATA[Oct 24, 2024 7:29:12 AM org.openqa.selenium.devtools.CdpVersionFinder findNearestMatch
WARNING: Unable to find an exact match for CDP version 130, returning the closest version; found: 128; Please update to a Selenium version that supports CDP version 130
]]></system-err>
  </testcase>
  <testcase name="loginWithValidUsernameInvalidPassword" classname="com.rediff.S2.testcases.S2_LoginPage_Test" time="7.542">
    <system-out><![CDATA[Login with valid Username and invalid passowrd is functional
]]></system-out>
    <system-err><![CDATA[Oct 24, 2024 7:29:18 AM org.openqa.selenium.devtools.CdpVersionFinder findNearestMatch
WARNING: Unable to find an exact match for CDP version 130, returning the closest version; found: 128; Please update to a Selenium version that supports CDP version 130
]]></system-err>
  </testcase>
  <testcase name="loginWithInvalidUsernameValidPassword" classname="com.rediff.S2.testcases.S2_LoginPage_Test" time="1.775">
    <system-out><![CDATA[Login with invalid Username and valid passowrd is functional
]]></system-out>
    <system-err><![CDATA[Oct 24, 2024 7:29:30 AM org.openqa.selenium.devtools.CdpVersionFinder findNearestMatch
WARNING: Unable to find an exact match for CDP version 130, returning the closest version; found: 128; Please update to a Selenium version that supports CDP version 130
]]></system-err>
  </testcase>
  <testcase name="loginWithNoCredentials" classname="com.rediff.S2.testcases.S2_LoginPage_Test" time="0.226">
    <system-err><![CDATA[Oct 24, 2024 7:29:36 AM org.openqa.selenium.devtools.CdpVersionFinder findNearestMatch
WARNING: Unable to find an exact match for CDP version 130, returning the closest version; found: 128; Please update to a Selenium version that supports CDP version 130
]]></system-err>
  </testcase>
</testsuite>